<?xml version="1.0" encoding="UTF-8"?>
<testng-results skipped="0" failed="0" ignored="0" total="3" passed="3">
  <reporter-output>
  </reporter-output>
  <suite name="qumu.RunnerTest" duration-ms="597" started-at="2022-03-31T12:59:43 BST" finished-at="2022-03-31T12:59:44 BST">
    <groups>
      <group name="cucumber">
        <method signature="RunnerTest.feature(cucumber.api.testng.CucumberFeatureWrapper)[pri:0, instance:qumu.RunnerTest@5ae63ade]" name="feature" class="qumu.RunnerTest"/>
      </group> <!-- cucumber -->
    </groups>
    <test name="Command line test" duration-ms="597" started-at="2022-03-31T12:59:43 BST" finished-at="2022-03-31T12:59:44 BST">
      <class name="qumu.RunnerTest">
        <test-method status="PASS" signature="setUpClass()[pri:0, instance:qumu.RunnerTest@5ae63ade]" name="setUpClass" is-config="true" duration-ms="172" started-at="2022-03-31T12:59:44 BST" finished-at="2022-03-31T12:59:44 BST">
          <reporter-output>
          </reporter-output>
        </test-method> <!-- setUpClass -->
        <test-method status="PASS" signature="feature(cucumber.api.testng.CucumberFeatureWrapper)[pri:0, instance:qumu.RunnerTest@5ae63ade]" name="feature" duration-ms="176" started-at="2022-03-31T12:59:44 BST" description="Runs Cucumber Feature" data-provider="features" finished-at="2022-03-31T12:59:44 BST">
          <params>
            <param index="0">
              <value>
                <![CDATA[API test]]>
              </value>
            </param>
          </params>
          <reporter-output>
          </reporter-output>
        </test-method> <!-- feature -->
        <test-method status="PASS" signature="feature(cucumber.api.testng.CucumberFeatureWrapper)[pri:0, instance:qumu.RunnerTest@5ae63ade]" name="feature" duration-ms="5" started-at="2022-03-31T12:59:44 BST" description="Runs Cucumber Feature" data-provider="features" finished-at="2022-03-31T12:59:44 BST">
          <params>
            <param index="0">
              <value>
                <![CDATA[Qumu  Sample Test]]>
              </value>
            </param>
          </params>
          <reporter-output>
          </reporter-output>
        </test-method> <!-- feature -->
        <test-method status="PASS" signature="feature(cucumber.api.testng.CucumberFeatureWrapper)[pri:0, instance:qumu.RunnerTest@5ae63ade]" name="feature" duration-ms="15" started-at="2022-03-31T12:59:44 BST" description="Runs Cucumber Feature" data-provider="features" finished-at="2022-03-31T12:59:44 BST">
          <params>
            <param index="0">
              <value>
                <![CDATA[Checkout items in the basket]]>
              </value>
            </param>
          </params>
          <reporter-output>
          </reporter-output>
        </test-method> <!-- feature -->
        <test-method status="PASS" signature="tearDownClass()[pri:0, instance:qumu.RunnerTest@5ae63ade]" name="tearDownClass" is-config="true" duration-ms="86" started-at="2022-03-31T12:59:44 BST" finished-at="2022-03-31T12:59:44 BST">
          <reporter-output>
          </reporter-output>
        </test-method> <!-- tearDownClass -->
      </class> <!-- qumu.RunnerTest -->
    </test> <!-- Command line test -->
  </suite> <!-- qumu.RunnerTest -->
</testng-results>
